INFO: Accepting connections at http://localhost:5000

INFO: Gracefully shutting down. Please wait...
INFO: Accepting connections at http://localhost:5000

INFO: Gracefully shutting down. Please wait...

> my-app@0.1.0 start /home/monta/frontend
> PORT=5000 react-scripts start

[34mâ„¹[39m [90mï½¢wdsï½£[39m: Project is running at http://10.128.0.2/
[34mâ„¹[39m [90mï½¢wdsï½£[39m: webpack output is served from 
[34mâ„¹[39m [90mï½¢wdsï½£[39m: Content not from webpack is served from /home/monta/frontend/public
[34mâ„¹[39m [90mï½¢wdsï½£[39m: 404s will fallback to /
Starting the development server...

Compiled successfully!

You can now view my-app in the browser.

  Local:            http://localhost:5000
  On Your Network:  http://10.128.0.2:5000

Note that the development build is not optimized.
To create a production build, use npm run build.

Compiling...
Failed to compile.

./src/App.js
Module not found: Can't resolve './containers/Home/Home' in '/home/monta/frontend/src'
Compiling...
Failed to compile.

./src/App.js
Module not found: Can't resolve './containers/Home/Home' in '/home/monta/frontend/src'
Terminated
npm ERR! code ELIFECYCLE
npm ERR! errno 143
npm ERR! my-app@0.1.0 start: `PORT=5000 react-scripts start`
npm ERR! Exit status 143
npm ERR! 
npm ERR! Failed at the my-app@0.1.0 start script.
npm ERR! This is probably not a problem with npm. There is likely additional logging output above.

npm ERR! A complete log of this run can be found in:
npm ERR!     /home/monta/.npm/_logs/2020-03-02T01_17_55_814Z-debug.log

> my-app@0.1.0 start /home/monta/frontend
> PORT=5000 react-scripts start

[34mâ„¹[39m [90mï½¢wdsï½£[39m: Project is running at http://10.128.0.2/
[34mâ„¹[39m [90mï½¢wdsï½£[39m: webpack output is served from 
[34mâ„¹[39m [90mï½¢wdsï½£[39m: Content not from webpack is served from /home/monta/frontend/public
[34mâ„¹[39m [90mï½¢wdsï½£[39m: 404s will fallback to /
Starting the development server...

Failed to compile.

./src/App.js
Module not found: Can't resolve './containers/Home/Home' in '/home/monta/frontend/src'
Compiling...
Failed to compile.

./src/App.js
Module not found: Can't resolve './containers/Home/Home' in '/home/monta/frontend/src'
Terminated
npm ERR! code ELIFECYCLE
npm ERR! errno 143
npm ERR! my-app@0.1.0 start: `PORT=5000 react-scripts start`
npm ERR! Exit status 143
npm ERR! 
npm ERR! Failed at the my-app@0.1.0 start script.
npm ERR! This is probably not a problem with npm. There is likely additional logging output above.

npm ERR! A complete log of this run can be found in:
npm ERR!     /home/monta/.npm/_logs/2020-03-02T01_18_44_784Z-debug.log

> my-app@0.1.0 start /home/monta/frontend
> PORT=5000 react-scripts start

[34mâ„¹[39m [90mï½¢wdsï½£[39m: Project is running at http://10.128.0.2/
[34mâ„¹[39m [90mï½¢wdsï½£[39m: webpack output is served from 
[34mâ„¹[39m [90mï½¢wdsï½£[39m: Content not from webpack is served from /home/monta/frontend/public
[34mâ„¹[39m [90mï½¢wdsï½£[39m: 404s will fallback to /
Starting the development server...

Failed to compile.

./src/App.js
Module not found: Can't resolve './containers/Home/Home' in '/home/monta/frontend/src'

> my-app@0.1.0 start /home/monta/frontend
> PORT=5000 react-scripts start

Something is already running on port 5000.
Terminated
npm ERR! code ELIFECYCLE
npm ERR! errno 143
npm ERR! my-app@0.1.0 start: `PORT=5000 react-scripts start`
npm ERR! Exit status 143
npm ERR! 
npm ERR! Failed at the my-app@0.1.0 start script.
npm ERR! This is probably not a problem with npm. There is likely additional logging output above.

npm ERR! A complete log of this run can be found in:
npm ERR!     /home/monta/.npm/_logs/2020-03-02T01_19_59_667Z-debug.log

> my-app@0.1.0 start /home/monta/frontend
> PORT=5000 react-scripts start

[34mâ„¹[39m [90mï½¢wdsï½£[39m: Project is running at http://10.128.0.2/
[34mâ„¹[39m [90mï½¢wdsï½£[39m: webpack output is served from 
[34mâ„¹[39m [90mï½¢wdsï½£[39m: Content not from webpack is served from /home/monta/frontend/public
[34mâ„¹[39m [90mï½¢wdsï½£[39m: 404s will fallback to /
Starting the development server...

Compiled successfully!

You can now view my-app in the browser.

  Local:            http://localhost:5000
  On Your Network:  http://10.128.0.2:5000

Note that the development build is not optimized.
To create a production build, use npm run build.


> my-app@0.1.0 start /home/monta/frontend
> PORT=5000 react-scripts start

[34mâ„¹[39m [90mï½¢wdsï½£[39m: Project is running at http://10.128.0.2/
[34mâ„¹[39m [90mï½¢wdsï½£[39m: webpack output is served from 
[34mâ„¹[39m [90mï½¢wdsï½£[39m: Content not from webpack is served from /home/monta/frontend/public
[34mâ„¹[39m [90mï½¢wdsï½£[39m: 404s will fallback to /
Starting the development server...

Compiled successfully!

You can now view my-app in the browser.

  Local:            http://localhost:5000
  On Your Network:  http://10.128.0.2:5000

Note that the development build is not optimized.
To create a production build, use npm run build.

INFO: Accepting connections at http://localhost:5000

INFO: Gracefully shutting down. Please wait...
INFO: Accepting connections at http://localhost:5000

INFO: Gracefully shutting down. Please wait...
INFO: Accepting connections at http://localhost:5000

INFO: Gracefully shutting down. Please wait...

> my-app@0.1.0 start /home/monta/frontend
> PORT=5000 react-scripts start

[34mâ„¹[39m [90mï½¢wdsï½£[39m: Project is running at http://10.128.0.2/
[34mâ„¹[39m [90mï½¢wdsï½£[39m: webpack output is served from 
[34mâ„¹[39m [90mï½¢wdsï½£[39m: Content not from webpack is served from /home/monta/frontend/public
[34mâ„¹[39m [90mï½¢wdsï½£[39m: 404s will fallback to /
Starting the development server...

Compiled successfully!

You can now view my-app in the browser.

  Local:            http://localhost:5000
  On Your Network:  http://10.128.0.2:5000

Note that the development build is not optimized.
To create a production build, use npm run build.

Compiling...
Compiled successfully!
Compiling...
Compiled successfully!
Compiling...
Compiled successfully!
Compiling...
Compiled successfully!
Compiling...
Compiled successfully!
Compiling...
Compiled successfully!
Compiling...
Compiled successfully!
Compiling...
Compiled successfully!
Compiling...
Compiled with warnings.

./src/components/VideoGrid/VideoGrid.js
  Line 36:20:  Expected '===' and instead saw '=='  eqeqeq

Search for the keywords to learn more about each warning.
To ignore, add // eslint-disable-next-line to the line before.

Compiling...
Compiled successfully!
Compiling...
Compiled successfully!
Compiling...
Compiled successfully!
Compiling...
Compiled successfully!
Compiling...
Compiled successfully!
Compiling...
Compiled successfully!
Compiling...
Compiled successfully!
Compiling...
Compiled successfully!
Terminated
npm ERR! code ELIFECYCLE
npm ERR! errno 143
npm ERR! my-app@0.1.0 start: `PORT=5000 react-scripts start`
npm ERR! Exit status 143
npm ERR! 
npm ERR! Failed at the my-app@0.1.0 start script.
npm ERR! This is probably not a problem with npm. There is likely additional logging output above.

npm ERR! A complete log of this run can be found in:
npm ERR!     /home/monta/.npm/_logs/2020-03-09T23_13_25_956Z-debug.log
INFO: Accepting connections at http://localhost:5000

INFO: Gracefully shutting down. Please wait...
INFO: Accepting connections at http://localhost:5000

INFO: Gracefully shutting down. Please wait...

> my-app@0.1.0 start /home/monta/frontend
> PORT=5000 react-scripts start

[34mâ„¹[39m [90mï½¢wdsï½£[39m: Project is running at http://10.128.0.2/
[34mâ„¹[39m [90mï½¢wdsï½£[39m: webpack output is served from 
[34mâ„¹[39m [90mï½¢wdsï½£[39m: Content not from webpack is served from /home/monta/frontend/public
[34mâ„¹[39m [90mï½¢wdsï½£[39m: 404s will fallback to /
Starting the development server...

Compiled successfully!

You can now view my-app in the browser.

  Local:            http://localhost:5000
  On Your Network:  http://10.128.0.2:5000

Note that the development build is not optimized.
To create a production build, use npm run build.

Compiling...
Compiled successfully!
Compiling...
Compiled successfully!
Compiling...
Failed to compile.

./src/components/InfoPanel/InfoPanel.js
Syntax error: Expected corresponding JSX closing tag for <div> (27:42)

  25 |         </div>
  26 |         <div className='analytics'>
> 27 |           <h4>Current Status: </h4> Good </br>
     |                                          ^
  28 |           <h4>Defense Incidents: </h4> Good </br>
  29 | 
  30 |         </div>
Compiling...
Failed to compile.

./src/components/InfoPanel/InfoPanel.js
Syntax error: Expected corresponding JSX closing tag for <div> (27:42)

  25 |         </div>
  26 |         <div className='analytics'>
> 27 |           <h4>Current Status: </h4> Good </br>
     |                                          ^
  28 |           <h4>Defense Incidents: </h4> Good </br>
  29 | 
  30 |         </div>
Compiling...
Compiled successfully!
Compiling...
Compiled successfully!
Compiling...
Compiled successfully!
Compiling...
Compiled with warnings.

./src/components/InfoPanel/InfoPanel.js
  Line 3:8:  'Logo' is defined but never used  no-unused-vars

Search for the keywords to learn more about each warning.
To ignore, add // eslint-disable-next-line to the line before.

Compiling...
Compiled with warnings.

./src/components/InfoPanel/InfoPanel.js
  Line 3:8:  'Logo' is defined but never used  no-unused-vars

Search for the keywords to learn more about each warning.
To ignore, add // eslint-disable-next-line to the line before.

Compiling...
Compiled with warnings.

./src/components/InfoPanel/InfoPanel.js
  Line 3:8:  'Logo' is defined but never used  no-unused-vars

Search for the keywords to learn more about each warning.
To ignore, add // eslint-disable-next-line to the line before.

Compiling...
Compiled with warnings.

./src/components/InfoPanel/InfoPanel.js
  Line 3:8:  'Logo' is defined but never used  no-unused-vars

Search for the keywords to learn more about each warning.
To ignore, add // eslint-disable-next-line to the line before.

Compiling...
Compiled with warnings.

./src/components/InfoPanel/InfoPanel.js
  Line 3:8:  'Logo' is defined but never used  no-unused-vars

Search for the keywords to learn more about each warning.
To ignore, add // eslint-disable-next-line to the line before.

Compiling...
Compiled with warnings.

./src/components/InfoPanel/InfoPanel.js
  Line 3:8:  'Logo' is defined but never used  no-unused-vars

Search for the keywords to learn more about each warning.
To ignore, add // eslint-disable-next-line to the line before.

Compiling...
Compiled with warnings.

./src/components/InfoPanel/InfoPanel.js
  Line 3:8:  'Logo' is defined but never used  no-unused-vars

Search for the keywords to learn more about each warning.
To ignore, add // eslint-disable-next-line to the line before.

Compiling...
Compiled with warnings.

./src/components/InfoPanel/InfoPanel.js
  Line 3:8:  'Logo' is defined but never used  no-unused-vars

Search for the keywords to learn more about each warning.
To ignore, add // eslint-disable-next-line to the line before.

Compiling...
Compiled with warnings.

./src/components/InfoPanel/InfoPanel.js
  Line 3:8:  'Logo' is defined but never used  no-unused-vars

Search for the keywords to learn more about each warning.
To ignore, add // eslint-disable-next-line to the line before.

Compiling...
Failed to compile.

./src/containers/Home/Home.scss (./node_modules/css-loader/dist/cjs.js??ref--6-oneOf-5-1!./node_modules/postcss-loader/src??postcss!./node_modules/resolve-url-loader??ref--6-oneOf-5-3!./node_modules/sass-loader/dist/cjs.js??ref--6-oneOf-5-4!./src/containers/Home/Home.scss)
SassError: style declaration must contain a value
        on line 5 of /home/monta/frontend/src/containers/Home/Home.scss
>>   display: ;

   ---------^
Compiling...
Compiled with warnings.

./src/components/InfoPanel/InfoPanel.js
  Line 3:8:  'Logo' is defined but never used  no-unused-vars

Search for the keywords to learn more about each warning.
To ignore, add // eslint-disable-next-line to the line before.

Compiling...
Compiled with warnings.

./src/components/InfoPanel/InfoPanel.js
  Line 3:8:  'Logo' is defined but never used  no-unused-vars

Search for the keywords to learn more about each warning.
To ignore, add // eslint-disable-next-line to the line before.

Compiling...
Compiled with warnings.

./src/components/InfoPanel/InfoPanel.js
  Line 3:8:  'Logo' is defined but never used  no-unused-vars

Search for the keywords to learn more about each warning.
To ignore, add // eslint-disable-next-line to the line before.

Compiling...
Compiled with warnings.

./src/components/InfoPanel/InfoPanel.js
  Line 3:8:  'Logo' is defined but never used  no-unused-vars

Search for the keywords to learn more about each warning.
To ignore, add // eslint-disable-next-line to the line before.

Compiling...
Compiled with warnings.

./src/components/InfoPanel/InfoPanel.js
  Line 3:8:  'Logo' is defined but never used  no-unused-vars

Search for the keywords to learn more about each warning.
To ignore, add // eslint-disable-next-line to the line before.

Compiling...
Compiled with warnings.

./src/components/InfoPanel/InfoPanel.js
  Line 3:8:  'Logo' is defined but never used  no-unused-vars

Search for the keywords to learn more about each warning.
To ignore, add // eslint-disable-next-line to the line before.

Compiling...
Compiled with warnings.

./src/components/InfoPanel/InfoPanel.js
  Line 3:8:  'Logo' is defined but never used  no-unused-vars

Search for the keywords to learn more about each warning.
To ignore, add // eslint-disable-next-line to the line before.

Compiling...
Compiled with warnings.

./src/components/InfoPanel/InfoPanel.js
  Line 3:8:  'Logo' is defined but never used  no-unused-vars

Search for the keywords to learn more about each warning.
To ignore, add // eslint-disable-next-line to the line before.

Compiling...
Compiled with warnings.

./src/components/InfoPanel/InfoPanel.js
  Line 3:8:  'Logo' is defined but never used  no-unused-vars

Search for the keywords to learn more about each warning.
To ignore, add // eslint-disable-next-line to the line before.

Compiling...
Compiled with warnings.

./src/components/InfoPanel/InfoPanel.js
  Line 3:8:  'Logo' is defined but never used  no-unused-vars

Search for the keywords to learn more about each warning.
To ignore, add // eslint-disable-next-line to the line before.

Compiling...
Compiled with warnings.

./src/components/InfoPanel/InfoPanel.js
  Line 3:8:  'Logo' is defined but never used  no-unused-vars

Search for the keywords to learn more about each warning.
To ignore, add // eslint-disable-next-line to the line before.

Compiling...
Compiled with warnings.

./src/components/InfoPanel/InfoPanel.js
  Line 3:8:  'Logo' is defined but never used  no-unused-vars

Search for the keywords to learn more about each warning.
To ignore, add // eslint-disable-next-line to the line before.

Compiling...
Compiled with warnings.

./src/components/InfoPanel/InfoPanel.js
  Line 3:8:  'Logo' is defined but never used  no-unused-vars

Search for the keywords to learn more about each warning.
To ignore, add // eslint-disable-next-line to the line before.

Compiling...
Compiled with warnings.

./src/components/InfoPanel/InfoPanel.js
  Line 3:8:  'Logo' is defined but never used  no-unused-vars

Search for the keywords to learn more about each warning.
To ignore, add // eslint-disable-next-line to the line before.

Compiling...
Compiled with warnings.

./src/components/InfoPanel/InfoPanel.js
  Line 3:8:  'Logo' is defined but never used  no-unused-vars

Search for the keywords to learn more about each warning.
To ignore, add // eslint-disable-next-line to the line before.

Compiling...
Compiled with warnings.

./src/components/InfoPanel/InfoPanel.js
  Line 3:8:  'Logo' is defined but never used  no-unused-vars

Search for the keywords to learn more about each warning.
To ignore, add // eslint-disable-next-line to the line before.

Compiling...
Compiled with warnings.

./src/components/InfoPanel/InfoPanel.js
  Line 3:8:  'Logo' is defined but never used  no-unused-vars

Search for the keywords to learn more about each warning.
To ignore, add // eslint-disable-next-line to the line before.

Compiling...
Compiled with warnings.

./src/components/InfoPanel/InfoPanel.js
  Line 3:8:  'Logo' is defined but never used  no-unused-vars

Search for the keywords to learn more about each warning.
To ignore, add // eslint-disable-next-line to the line before.

Compiling...
Compiled with warnings.

./src/components/InfoPanel/InfoPanel.js
  Line 3:8:  'Logo' is defined but never used  no-unused-vars

Search for the keywords to learn more about each warning.
To ignore, add // eslint-disable-next-line to the line before.

Compiling...
Compiled with warnings.

./src/components/InfoPanel/InfoPanel.js
  Line 3:8:  'Logo' is defined but never used  no-unused-vars

Search for the keywords to learn more about each warning.
To ignore, add // eslint-disable-next-line to the line before.

Compiling...
Compiled with warnings.

./src/components/InfoPanel/InfoPanel.js
  Line 3:8:  'Logo' is defined but never used  no-unused-vars

Search for the keywords to learn more about each warning.
To ignore, add // eslint-disable-next-line to the line before.

Compiling...
Compiled with warnings.

./src/components/InfoPanel/InfoPanel.js
  Line 3:8:  'Logo' is defined but never used  no-unused-vars

Search for the keywords to learn more about each warning.
To ignore, add // eslint-disable-next-line to the line before.

Compiling...
Compiled with warnings.

./src/components/InfoPanel/InfoPanel.js
  Line 3:8:  'Logo' is defined but never used  no-unused-vars

Search for the keywords to learn more about each warning.
To ignore, add // eslint-disable-next-line to the line before.

Compiling...
Failed to compile.

./src/containers/Home/Home.js
Syntax error: JSX attributes must only be assigned a non-empty expression (33:37)

  31 |         <div className='home'>
  32 |           <div className='featured'>
> 33 |             <InfoPanel dayIncidents={}
     |                                     ^
  34 |             pastWeekIncidents={}
  35 |             pastMonthIncidents={}
  36 |             totalIncidents={}/>
Compiling...
Compiled with warnings.

./src/components/InfoPanel/InfoPanel.js
  Line 3:8:  'Logo' is defined but never used  no-unused-vars

Search for the keywords to learn more about each warning.
To ignore, add // eslint-disable-next-line to the line before.

Compiling...
Failed to compile.

./src/containers/Home/Home.js
  Line 45:16:  'VideoPreview' is not defined  react/jsx-no-undef

Search for the keywords to learn more about each error.
Compiling...
Failed to compile.

./src/containers/Home/Home.js
  Line 48:16:  'VideoPreview' is not defined  react/jsx-no-undef

Search for the keywords to learn more about each error.
Compiling...
Failed to compile.

./src/containers/Home/Home.js
Syntax error: Unexpected token, expected ";" (40:34)

  38 |         var totalCount =0;
  39 | 
> 40 |         incrementCount => (date) {
     |                                  ^
  41 |           if (date.getDay === Date.now().getDay()) dayCount++;
  42 |           if (date.getDay === Date.now().getDay()) dayCount++;
  43 |           if (date.getDay === Date.now().getDay()) dayCount++;
Compiling...
Failed to compile.

./src/containers/Home/Home.js
  Line 40:9:   'incrementCount' is not defined  no-undef
  Line 56:16:  'VideoPreview' is not defined    react/jsx-no-undef

Search for the keywords to learn more about each error.
Compiling...
Failed to compile.

./src/containers/Home/Home.js
  Line 56:16:  'VideoPreview' is not defined  react/jsx-no-undef

Search for the keywords to learn more about each error.
Compiling...
Compiled with warnings.

./src/containers/Home/Home.js
  Line 35:13:  'dayCount' is assigned a value but never used    no-unused-vars
  Line 36:13:  'monthCount' is assigned a value but never used  no-unused-vars
  Line 37:13:  'yearCount' is assigned a value but never used   no-unused-vars
  Line 38:13:  'totalCount' is assigned a value but never used  no-unused-vars

./src/components/InfoPanel/InfoPanel.js
  Line 3:8:  'Logo' is defined but never used  no-unused-vars

Search for the keywords to learn more about each warning.
To ignore, add // eslint-disable-next-line to the line before.

Compiling...
Failed to compile.

./src/containers/Home/Home.js
  Line 12:7:  'dayCount' is not defined  no-undef

Search for the keywords to learn more about each error.
Compiling...
Failed to compile.

./src/containers/Home/Home.js
  Line 12:7:  'dayCount' is not defined  no-undef

Search for the keywords to learn more about each error.
Compiling...
Compiled with warnings.

./src/components/InfoPanel/InfoPanel.js
  Line 3:8:  'Logo' is defined but never used  no-unused-vars

Search for the keywords to learn more about each warning.
To ignore, add // eslint-disable-next-line to the line before.

Compiling...
Compiled with warnings.

./src/components/InfoPanel/InfoPanel.js
  Line 3:8:  'Logo' is defined but never used  no-unused-vars

Search for the keywords to learn more about each warning.
To ignore, add // eslint-disable-next-line to the line before.

Compiling...
Compiled with warnings.

./src/components/InfoPanel/InfoPanel.js
  Line 3:8:  'Logo' is defined but never used  no-unused-vars

Search for the keywords to learn more about each warning.
To ignore, add // eslint-disable-next-line to the line before.

Compiling...
Failed to compile.

./src/containers/Home/Home.js
Syntax error: Unexpected token, expected "," (56:9)

  54 |           totalCount: totalCount });
  55 |         }
> 56 |         console.log(this.state)
     |         ^
  57 |        );
  58 |       this.setState({
  59 |         mainVid: "https://storage.googleapis.com/waterscarecrow_test_bucket1/2020/03/09/67438056",
Compiling...
Failed to compile.

./src/containers/Home/Home.js
Syntax error: Unexpected token, expected "," (56:9)

  54 |           totalCount: totalCount });
  55 |         }
> 56 |         console.log(this.state);
     |         ^
  57 |        );
  58 |       this.setState({
  59 |         mainVid: "https://storage.googleapis.com/waterscarecrow_test_bucket1/2020/03/09/67438056",
Compiling...
Failed to compile.

./src/containers/Home/Home.js
Syntax error: Unexpected token, expected "," (55:10)

  53 |           yearCount: yearCount,
  54 |           totalCount: totalCount });
> 55 |         };
     |          ^
  56 |         console.log(this.state);
  57 |        );
  58 |       this.setState({
Compiling...
Compiled with warnings.

./src/components/InfoPanel/InfoPanel.js
  Line 3:8:  'Logo' is defined but never used  no-unused-vars

Search for the keywords to learn more about each warning.
To ignore, add // eslint-disable-next-line to the line before.

Compiling...
Compiled with warnings.

./src/components/InfoPanel/InfoPanel.js
  Line 3:8:  'Logo' is defined but never used  no-unused-vars

Search for the keywords to learn more about each warning.
To ignore, add // eslint-disable-next-line to the line before.

Compiling...
Compiled with warnings.

./src/components/InfoPanel/InfoPanel.js
  Line 3:8:  'Logo' is defined but never used  no-unused-vars

Search for the keywords to learn more about each warning.
To ignore, add // eslint-disable-next-line to the line before.

Compiling...
Compiled with warnings.

./src/components/InfoPanel/InfoPanel.js
  Line 3:8:  'Logo' is defined but never used  no-unused-vars

Search for the keywords to learn more about each warning.
To ignore, add // eslint-disable-next-line to the line before.

Compiling...
Compiled with warnings.

./src/components/InfoPanel/InfoPanel.js
  Line 3:8:  'Logo' is defined but never used  no-unused-vars

Search for the keywords to learn more about each warning.
To ignore, add // eslint-disable-next-line to the line before.

Compiling...
Compiled with warnings.

./src/components/InfoPanel/InfoPanel.js
  Line 3:8:  'Logo' is defined but never used  no-unused-vars

Search for the keywords to learn more about each warning.
To ignore, add // eslint-disable-next-line to the line before.

Compiling...
Compiled with warnings.

./src/components/InfoPanel/InfoPanel.js
  Line 3:8:  'Logo' is defined but never used  no-unused-vars

Search for the keywords to learn more about each warning.
To ignore, add // eslint-disable-next-line to the line before.

Compiling...
Compiled with warnings.

./src/components/InfoPanel/InfoPanel.js
  Line 3:8:  'Logo' is defined but never used  no-unused-vars

Search for the keywords to learn more about each warning.
To ignore, add // eslint-disable-next-line to the line before.

Compiling...
Compiled with warnings.

./src/components/InfoPanel/InfoPanel.js
  Line 3:8:  'Logo' is defined but never used  no-unused-vars

Search for the keywords to learn more about each warning.
To ignore, add // eslint-disable-next-line to the line before.

Compiling...
Compiled with warnings.

./src/components/InfoPanel/InfoPanel.js
  Line 3:8:  'Logo' is defined but never used  no-unused-vars

Search for the keywords to learn more about each warning.
To ignore, add // eslint-disable-next-line to the line before.

Compiling...
Compiled with warnings.

./src/components/InfoPanel/InfoPanel.js
  Line 3:8:  'Logo' is defined but never used  no-unused-vars

Search for the keywords to learn more about each warning.
To ignore, add // eslint-disable-next-line to the line before.

Compiling...
Compiled with warnings.

./src/components/InfoPanel/InfoPanel.js
  Line 3:8:  'Logo' is defined but never used  no-unused-vars

Search for the keywords to learn more about each warning.
To ignore, add // eslint-disable-next-line to the line before.

Compiling...
Compiled with warnings.

./src/components/InfoPanel/InfoPanel.js
  Line 3:8:  'Logo' is defined but never used  no-unused-vars

Search for the keywords to learn more about each warning.
To ignore, add // eslint-disable-next-line to the line before.

Compiling...
Compiled with warnings.

./src/components/InfoPanel/InfoPanel.js
  Line 3:8:  'Logo' is defined but never used  no-unused-vars

Search for the keywords to learn more about each warning.
To ignore, add // eslint-disable-next-line to the line before.

Compiling...
Compiled with warnings.

./src/components/InfoPanel/InfoPanel.js
  Line 3:8:  'Logo' is defined but never used  no-unused-vars

Search for the keywords to learn more about each warning.
To ignore, add // eslint-disable-next-line to the line before.

Compiling...
Compiled with warnings.

./src/components/InfoPanel/InfoPanel.js
  Line 3:8:  'Logo' is defined but never used  no-unused-vars

Search for the keywords to learn more about each warning.
To ignore, add // eslint-disable-next-line to the line before.

Compiling...
Compiled with warnings.

./src/components/InfoPanel/InfoPanel.js
  Line 3:8:  'Logo' is defined but never used  no-unused-vars

Search for the keywords to learn more about each warning.
To ignore, add // eslint-disable-next-line to the line before.

Compiling...
Compiled with warnings.

./src/components/InfoPanel/InfoPanel.js
  Line 3:8:  'Logo' is defined but never used  no-unused-vars

Search for the keywords to learn more about each warning.
To ignore, add // eslint-disable-next-line to the line before.

Compiling...
Compiled with warnings.

./src/components/InfoPanel/InfoPanel.js
  Line 3:8:  'Logo' is defined but never used  no-unused-vars

Search for the keywords to learn more about each warning.
To ignore, add // eslint-disable-next-line to the line before.

Compiling...
Compiled with warnings.

./src/components/InfoPanel/InfoPanel.js
  Line 3:8:  'Logo' is defined but never used  no-unused-vars

Search for the keywords to learn more about each warning.
To ignore, add // eslint-disable-next-line to the line before.

Compiling...
Compiled with warnings.

./src/components/InfoPanel/InfoPanel.js
  Line 3:8:  'Logo' is defined but never used  no-unused-vars

Search for the keywords to learn more about each warning.
To ignore, add // eslint-disable-next-line to the line before.

